  >>> Using 1357490 events for alignment (0.32%).
  >>> Events for alignment in IOV since 296702: 10509
  >>> Events for alignment in IOV since 296966: 114799
  >>> Events for alignment in IOV since 297224: 15553
  >>> Events for alignment in IOV since 297281: 19295
  >>> Events for alignment in IOV since 297429: 11171
  >>> Events for alignment in IOV since 297467: 12697
  >>> Events for alignment in IOV since 297484: 14576
  >>> Events for alignment in IOV since 297494: 0
  >>> Events for alignment in IOV since 297503: 11344
  >>> Events for alignment in IOV since 297557: 13258
  >>> Events for alignment in IOV since 297598: 11808
  >>> Events for alignment in IOV since 297620: 13931
  >>> Events for alignment in IOV since 297660: 10924
  >>> Events for alignment in IOV since 297670: 13648
  >>> Events for alignment in IOV since 298653: 0
  >>> Events for alignment in IOV since 298678: 11117
  >>> Events for alignment in IOV since 298996: 13601
  >>> Events for alignment in IOV since 299062: 10685
  >>> Events for alignment in IOV since 299096: 11406
  >>> Events for alignment in IOV since 299184: 11276
  >>> Events for alignment in IOV since 299327: 15057
  >>> Events for alignment in IOV since 299368: 15336
  >>> Events for alignment in IOV since 299381: 11164
  >>> Events for alignment in IOV since 299443: 13256
  >>> Events for alignment in IOV since 299480: 14622
  >>> Events for alignment in IOV since 299592: 11276
  >>> Events for alignment in IOV since 299594: 10342
  >>> Events for alignment in IOV since 299649: 11809
  >>> Events for alignment in IOV since 300087: 15606
  >>> Events for alignment in IOV since 300155: 14494
  >>> Events for alignment in IOV since 300233: 12946
  >>> Events for alignment in IOV since 300237: 12378
  >>> Events for alignment in IOV since 300280: 10953
  >>> Events for alignment in IOV since 300364: 13116
  >>> Events for alignment in IOV since 300389: 12990
  >>> Events for alignment in IOV since 300399: 11606
  >>> Events for alignment in IOV since 300459: 13911
  >>> Events for alignment in IOV since 300497: 11982
  >>> Events for alignment in IOV since 300515: 11064
  >>> Events for alignment in IOV since 300538: 12487
  >>> Events for alignment in IOV since 300551: 11196
  >>> Events for alignment in IOV since 300574: 12869
  >>> Events for alignment in IOV since 300636: 13296
  >>> Events for alignment in IOV since 300673: 13343
  >>> Events for alignment in IOV since 300780: 14544
  >>> Events for alignment in IOV since 300806: 12018
  >>> Events for alignment in IOV since 300812: 10867
  >>> Events for alignment in IOV since 301046: 48275
  >>> Events for alignment in IOV since 301417: 36502
  >>> Events for alignment in IOV since 302131: 64856
  >>> Events for alignment in IOV since 302573: 11104
  >>> Events for alignment in IOV since 302635: 13626
  >>> Events for alignment in IOV since 303719: 0
  >>> Events for alignment in IOV since 303790: 11738
  >>> Events for alignment in IOV since 303825: 22819
  >>> Events for alignment in IOV since 303998: 50297
  >>> Events for alignment in IOV since 304170: 27169
  >>> Events for alignment in IOV since 304505: 17071
  >>> Events for alignment in IOV since 304672: 15117
  >>> Events for alignment in IOV since 304911: 12
  >>> Events for alignment in IOV since 305040: 25726
  >>> Events for alignment in IOV since 305113: 13161
  >>> Events for alignment in IOV since 305178: 10822
  >>> Events for alignment in IOV since 305188: 11090
  >>> Events for alignment in IOV since 305204: 87708
  >>> Events for alignment in IOV since 305809: 25110
  >>> Events for alignment in IOV since 305842: 12280
  >>> Events for alignment in IOV since 305898: 10660
  >>> Events for alignment in IOV since 305967: 10891
  >>> Events for alignment in IOV since 306029: 12245
  >>> Events for alignment in IOV since 306042: 49877
  >>> Events for alignment in IOV since 306126: 32923
  >>> Events for alignment in IOV since 306169: 13965
  >>> Events for alignment in IOV since 306417: 16141
  >>> Events for alignment in IOV since 306459: 13883
  >>> Events for alignment in IOV since 306460: 16296
  >>> Events for alignment in IOV since 306705: 0
  >>> Events for alignment in IOV since 306826: 0
  >>> Using 417059003 events for validation (99.30%).
  >>> Events for validation in IOV since 296702: 1215762
  >>> Events for validation in IOV since 296966: 39479877
  >>> Events for validation in IOV since 297224: 372388
  >>> Events for validation in IOV since 297281: 5790384
  >>> Events for validation in IOV since 297429: 1610707
  >>> Events for validation in IOV since 297467: 726746
  >>> Events for validation in IOV since 297484: 2924957
  >>> Events for validation in IOV since 297494: 0 (not enough events -> no dataset file will be created)
  >>> Events for validation in IOV since 297503: 1787255
  >>> Events for validation in IOV since 297557: 1884217
  >>> Events for validation in IOV since 297598: 2600451
  >>> Events for validation in IOV since 297620: 1052288
  >>> Events for validation in IOV since 297660: 595438
  >>> Events for validation in IOV since 297670: 1945467
  >>> Events for validation in IOV since 298653: 0 (not enough events -> no dataset file will be created)
  >>> Events for validation in IOV since 298678: 520627
  >>> Events for validation in IOV since 298996: 742086
  >>> Events for validation in IOV since 299062: 1368677
  >>> Events for validation in IOV since 299096: 995662
  >>> Events for validation in IOV since 299184: 1518678
  >>> Events for validation in IOV since 299327: 339263
  >>> Events for validation in IOV since 299368: 1858109
  >>> Events for validation in IOV since 299381: 529837
  >>> Events for validation in IOV since 299443: 850907
  >>> Events for validation in IOV since 299480: 3418777
  >>> Events for validation in IOV since 299592: 1540489
  >>> Events for validation in IOV since 299594: 3230634
  >>> Events for validation in IOV since 299649: 591037
  >>> Events for validation in IOV since 300087: 3948859
  >>> Events for validation in IOV since 300155: 3908018
  >>> Events for validation in IOV since 300233: 899893
  >>> Events for validation in IOV since 300237: 1937797
  >>> Events for validation in IOV since 300280: 2379788
  >>> Events for validation in IOV since 300364: 377313
  >>> Events for validation in IOV since 300389: 424809
  >>> Events for validation in IOV since 300399: 1903212
  >>> Events for validation in IOV since 300459: 2938406
  >>> Events for validation in IOV since 300497: 422418
  >>> Events for validation in IOV since 300515: 2977415
  >>> Events for validation in IOV since 300538: 649872
  >>> Events for validation in IOV since 300551: 2448153
  >>> Events for validation in IOV since 300574: 3383061
  >>> Events for validation in IOV since 300636: 1911557
  >>> Events for validation in IOV since 300673: 1602686
  >>> Events for validation in IOV since 300780: 2097623
  >>> Events for validation in IOV since 300806: 1254109
  >>> Events for validation in IOV since 300812: 990973
  >>> Events for validation in IOV since 301046: 23804501
  >>> Events for validation in IOV since 301417: 27023402
  >>> Events for validation in IOV since 302131: 33046561
  >>> Events for validation in IOV since 302573: 6729573
  >>> Events for validation in IOV since 302635: 4742569
  >>> Events for validation in IOV since 303719: 0 (not enough events -> no dataset file will be created)
  >>> Events for validation in IOV since 303790: 1562485
  >>> Events for validation in IOV since 303825: 14116876
  >>> Events for validation in IOV since 303998: 22810408
  >>> Events for validation in IOV since 304170: 19462728
  >>> Events for validation in IOV since 304505: 17824996
  >>> Events for validation in IOV since 304672: 14178070
  >>> Events for validation in IOV since 304911: 0 (not enough events -> no dataset file will be created)
  >>> Events for validation in IOV since 305040: 14906325
  >>> Events for validation in IOV since 305113: 928875
  >>> Events for validation in IOV since 305178: 1542467
  >>> Events for validation in IOV since 305188: 4699410
  >>> Events for validation in IOV since 305204: 46757612
  >>> Events for validation in IOV since 305809: 8368945
  >>> Events for validation in IOV since 305842: 2549133
  >>> Events for validation in IOV since 305898: 2507742
  >>> Events for validation in IOV since 305967: 61458
  >>> Events for validation in IOV since 306029: 1548840
  >>> Events for validation in IOV since 306042: 10878780
  >>> Events for validation in IOV since 306126: 11824739
  >>> Events for validation in IOV since 306169: 1748202
  >>> Events for validation in IOV since 306417: 4160545
  >>> Events for validation in IOV since 306459: 3267493
  >>> Events for validation in IOV since 306460: 59586
  >>> Events for validation in IOV since 306705: 0 (not enough events -> no dataset file will be created)
  >>> Events for validation in IOV since 306826: 0 (not enough events -> no dataset file will be created)
  >>> Unused events: 1566179 (0.37%)
