  >>> Using 6065229 events for alignment (1.44%).
  >>> Events for alignment in IOV since 296702: 51736
  >>> Events for alignment in IOV since 296966: 404512
  >>> Events for alignment in IOV since 297224: 52157
  >>> Events for alignment in IOV since 297281: 57216
  >>> Events for alignment in IOV since 297429: 50978
  >>> Events for alignment in IOV since 297467: 51524
  >>> Events for alignment in IOV since 297484: 55306
  >>> Events for alignment in IOV since 297494: 0
  >>> Events for alignment in IOV since 297503: 52639
  >>> Events for alignment in IOV since 297557: 52324
  >>> Events for alignment in IOV since 297598: 55164
  >>> Events for alignment in IOV since 297620: 52301
  >>> Events for alignment in IOV since 297660: 51091
  >>> Events for alignment in IOV since 297670: 51821
  >>> Events for alignment in IOV since 298653: 0
  >>> Events for alignment in IOV since 298678: 92070
  >>> Events for alignment in IOV since 298996: 50505
  >>> Events for alignment in IOV since 299062: 51255
  >>> Events for alignment in IOV since 299096: 54722
  >>> Events for alignment in IOV since 299184: 54139
  >>> Events for alignment in IOV since 299327: 50992
  >>> Events for alignment in IOV since 299368: 50572
  >>> Events for alignment in IOV since 299381: 51023
  >>> Events for alignment in IOV since 299443: 50195
  >>> Events for alignment in IOV since 299480: 54108
  >>> Events for alignment in IOV since 299592: 54702
  >>> Events for alignment in IOV since 299594: 54505
  >>> Events for alignment in IOV since 299649: 52282
  >>> Events for alignment in IOV since 300087: 57808
  >>> Events for alignment in IOV since 300155: 51554
  >>> Events for alignment in IOV since 300233: 50557
  >>> Events for alignment in IOV since 300237: 53647
  >>> Events for alignment in IOV since 300280: 50423
  >>> Events for alignment in IOV since 300364: 52560
  >>> Events for alignment in IOV since 300389: 53888
  >>> Events for alignment in IOV since 300399: 52468
  >>> Events for alignment in IOV since 300459: 51342
  >>> Events for alignment in IOV since 300497: 52335
  >>> Events for alignment in IOV since 300515: 52744
  >>> Events for alignment in IOV since 300538: 50089
  >>> Events for alignment in IOV since 300551: 56618
  >>> Events for alignment in IOV since 300574: 52807
  >>> Events for alignment in IOV since 300636: 53523
  >>> Events for alignment in IOV since 300673: 52051
  >>> Events for alignment in IOV since 300780: 51335
  >>> Events for alignment in IOV since 300806: 53774
  >>> Events for alignment in IOV since 300812: 54455
  >>> Events for alignment in IOV since 301046: 245546
  >>> Events for alignment in IOV since 301417: 209869
  >>> Events for alignment in IOV since 302131: 239022
  >>> Events for alignment in IOV since 302573: 56603
  >>> Events for alignment in IOV since 302635: 52326
  >>> Events for alignment in IOV since 303719: 0
  >>> Events for alignment in IOV since 303790: 51538
  >>> Events for alignment in IOV since 303825: 157231
  >>> Events for alignment in IOV since 303998: 235013
  >>> Events for alignment in IOV since 304170: 196818
  >>> Events for alignment in IOV since 304505: 142920
  >>> Events for alignment in IOV since 304672: 119822
  >>> Events for alignment in IOV since 304911: 12
  >>> Events for alignment in IOV since 305040: 167662
  >>> Events for alignment in IOV since 305113: 50931
  >>> Events for alignment in IOV since 305178: 50914
  >>> Events for alignment in IOV since 305188: 54985
  >>> Events for alignment in IOV since 305204: 527954
  >>> Events for alignment in IOV since 305809: 91505
  >>> Events for alignment in IOV since 305842: 53353
  >>> Events for alignment in IOV since 305898: 50815
  >>> Events for alignment in IOV since 305967: 51467
  >>> Events for alignment in IOV since 306029: 51190
  >>> Events for alignment in IOV since 306042: 95038
  >>> Events for alignment in IOV since 306126: 139991
  >>> Events for alignment in IOV since 306169: 52747
  >>> Events for alignment in IOV since 306417: 53316
  >>> Events for alignment in IOV since 306459: 51414
  >>> Events for alignment in IOV since 306460: 51410
  >>> Events for alignment in IOV since 306705: 0
  >>> Events for alignment in IOV since 306826: 0
  >>> Using 412351264 events for validation (98.18%).
  >>> Events for validation in IOV since 296702: 1174535
  >>> Events for validation in IOV since 296966: 39190164
  >>> Events for validation in IOV since 297224: 335784
  >>> Events for validation in IOV since 297281: 5752463
  >>> Events for validation in IOV since 297429: 1570900
  >>> Events for validation in IOV since 297467: 687919
  >>> Events for validation in IOV since 297484: 2884227
  >>> Events for validation in IOV since 297494: 0 (not enough events -> no dataset file will be created)
  >>> Events for validation in IOV since 297503: 1745960
  >>> Events for validation in IOV since 297557: 1845151
  >>> Events for validation in IOV since 297598: 2557095
  >>> Events for validation in IOV since 297620: 1013918
  >>> Events for validation in IOV since 297660: 555271
  >>> Events for validation in IOV since 297670: 1907294
  >>> Events for validation in IOV since 298653: 0 (not enough events -> no dataset file will be created)
  >>> Events for validation in IOV since 298678: 439674
  >>> Events for validation in IOV since 298996: 705182
  >>> Events for validation in IOV since 299062: 1328107
  >>> Events for validation in IOV since 299096: 952346
  >>> Events for validation in IOV since 299184: 1475815
  >>> Events for validation in IOV since 299327: 303328
  >>> Events for validation in IOV since 299368: 1822873
  >>> Events for validation in IOV since 299381: 489978
  >>> Events for validation in IOV since 299443: 813968
  >>> Events for validation in IOV since 299480: 3379291
  >>> Events for validation in IOV since 299592: 1497063
  >>> Events for validation in IOV since 299594: 3186471
  >>> Events for validation in IOV since 299649: 550564
  >>> Events for validation in IOV since 300087: 3906657
  >>> Events for validation in IOV since 300155: 3870958
  >>> Events for validation in IOV since 300233: 862282
  >>> Events for validation in IOV since 300237: 1896528
  >>> Events for validation in IOV since 300280: 2340318
  >>> Events for validation in IOV since 300364: 337869
  >>> Events for validation in IOV since 300389: 383911
  >>> Events for validation in IOV since 300399: 1862350
  >>> Events for validation in IOV since 300459: 2900975
  >>> Events for validation in IOV since 300497: 382065
  >>> Events for validation in IOV since 300515: 2935735
  >>> Events for validation in IOV since 300538: 612270
  >>> Events for validation in IOV since 300551: 2402731
  >>> Events for validation in IOV since 300574: 3343123
  >>> Events for validation in IOV since 300636: 1871330
  >>> Events for validation in IOV since 300673: 1563978
  >>> Events for validation in IOV since 300780: 2060832
  >>> Events for validation in IOV since 300806: 1212353
  >>> Events for validation in IOV since 300812: 947385
  >>> Events for validation in IOV since 301046: 23607230
  >>> Events for validation in IOV since 301417: 26850035
  >>> Events for validation in IOV since 302131: 32872395
  >>> Events for validation in IOV since 302573: 6684074
  >>> Events for validation in IOV since 302635: 4703869
  >>> Events for validation in IOV since 303719: 0 (not enough events -> no dataset file will be created)
  >>> Events for validation in IOV since 303790: 1522685
  >>> Events for validation in IOV since 303825: 13982464
  >>> Events for validation in IOV since 303998: 22625692
  >>> Events for validation in IOV since 304170: 19293079
  >>> Events for validation in IOV since 304505: 17699147
  >>> Events for validation in IOV since 304672: 14073365
  >>> Events for validation in IOV since 304911: 0 (not enough events -> no dataset file will be created)
  >>> Events for validation in IOV since 305040: 14764389
  >>> Events for validation in IOV since 305113: 891105
  >>> Events for validation in IOV since 305178: 1502375
  >>> Events for validation in IOV since 305188: 4655515
  >>> Events for validation in IOV since 305204: 46317366
  >>> Events for validation in IOV since 305809: 8302550
  >>> Events for validation in IOV since 305842: 2508060
  >>> Events for validation in IOV since 305898: 2467587
  >>> Events for validation in IOV since 305967: 20882
  >>> Events for validation in IOV since 306029: 1509895
  >>> Events for validation in IOV since 306042: 10833619
  >>> Events for validation in IOV since 306126: 11717671
  >>> Events for validation in IOV since 306169: 1709420
  >>> Events for validation in IOV since 306417: 4123370
  >>> Events for validation in IOV since 306459: 3229962
  >>> Events for validation in IOV since 306460: 24472
  >>> Events for validation in IOV since 306705: 0 (not enough events -> no dataset file will be created)
  >>> Events for validation in IOV since 306826: 0 (not enough events -> no dataset file will be created)
  >>> Unused events: 1566179 (0.37%)
